Compilando daemon C++ optimizado...
g++ -std=c++17 -O3 -Wall -pthread -I/root/kml-project/libtorch/include -I/root/kml-project/libtorch/include/torch/csrc/api/include ml_predictor.cpp -o ml_predictor -L/root/kml-project/libtorch/lib -ltorch -lc10 -ltorch_cpu -Wl,-rpath,/root/kml-project/libtorch/lib
ml_predictor.cpp: In member function ‘bool PredictorDaemon::start()’:
ml_predictor.cpp:271:22: warning: ignoring return value of ‘ssize_t write(int, const void*, size_t)’ declared with attribute ‘warn_unused_result’ [-Wunused-result]
  271 |                 write(client_fd, &predicted_class, sizeof(predicted_class));
      |                 ~~~~~^~~~~~~~~~~~~~~~~~~~~~~~~~~~~~~~~~~~~~~~~~~~~~~~~~~~~~
/usr/bin/ld: /tmp/ccD6wMwy.o: in function `c10::intrusive_ptr_target::~intrusive_ptr_target()':
ml_predictor.cpp:(.text._ZN3c1020intrusive_ptr_targetD2Ev[_ZN3c1020intrusive_ptr_targetD5Ev]+0xe4): undefined reference to `c10::detail::torchInternalAssertFail(char const*, char const*, unsigned int, char const*, std::__cxx11::basic_string<char, std::char_traits<char>, std::allocator<char> > const&)'
/usr/bin/ld: /tmp/ccD6wMwy.o: in function `c10::IValue::destroy()':
ml_predictor.cpp:(.text._ZN3c106IValue7destroyEv[_ZN3c106IValue7destroyEv]+0x129): undefined reference to `c10::detail::torchInternalAssertFail(char const*, char const*, unsigned int, char const*, std::__cxx11::basic_string<char, std::char_traits<char>, std::allocator<char> > const&)'
/usr/bin/ld: /tmp/ccD6wMwy.o: in function `c10::detail::DictImpl::~DictImpl()':
ml_predictor.cpp:(.text._ZN3c106detail8DictImplD2Ev[_ZN3c106detail8DictImplD5Ev]+0x1fd): undefined reference to `c10::detail::torchInternalAssertFail(char const*, char const*, unsigned int, char const*, std::__cxx11::basic_string<char, std::char_traits<char>, std::allocator<char> > const&)'
/usr/bin/ld: /tmp/ccD6wMwy.o: in function `c10::detail::DictImpl::~DictImpl()':
ml_predictor.cpp:(.text._ZN3c106detail8DictImplD0Ev[_ZN3c106detail8DictImplD5Ev]+0x20d): undefined reference to `c10::detail::torchInternalAssertFail(char const*, char const*, unsigned int, char const*, std::__cxx11::basic_string<char, std::char_traits<char>, std::allocator<char> > const&)'
/usr/bin/ld: /tmp/ccD6wMwy.o: in function `ska_ordered::detailv3::sherwood_v3_table<std::pair<c10::IValue, c10::IValue>, c10::IValue, c10::detail::DictKeyHash, ska_ordered::detailv3::KeyOrValueHasher<c10::IValue, std::pair<c10::IValue, c10::IValue>, c10::detail::DictKeyHash>, c10::detail::DictKeyEqualTo, ska_ordered::detailv3::KeyOrValueEquality<c10::IValue, std::pair<c10::IValue, c10::IValue>, c10::detail::DictKeyEqualTo>, std::allocator<std::pair<c10::IValue, c10::IValue> >, std::allocator<ska_ordered::detailv3::sherwood_v3_entry<std::pair<c10::IValue, c10::IValue> > > >::~sherwood_v3_table()':
ml_predictor.cpp:(.text._ZN11ska_ordered8detailv317sherwood_v3_tableISt4pairIN3c106IValueES4_ES4_NS3_6detail11DictKeyHashENS0_16KeyOrValueHasherIS4_S5_S7_EENS6_14DictKeyEqualToENS0_18KeyOrValueEqualityIS4_S5_SA_EESaIS5_ESaINS0_17sherwood_v3_entryIS5_EEEED2Ev[_ZN11ska_ordered8detailv317sherwood_v3_tableISt4pairIN3c106IValueES4_ES4_NS3_6detail11DictKeyHashENS0_16KeyOrValueHasherIS4_S5_S7_EENS6_14DictKeyEqualToENS0_18KeyOrValueEqualityIS4_S5_SA_EESaIS5_ESaINS0_17sherwood_v3_entryIS5_EEEED5Ev]+0x1f5): undefined reference to `c10::detail::torchInternalAssertFail(char const*, char const*, unsigned int, char const*, std::__cxx11::basic_string<char, std::char_traits<char>, std::allocator<char> > const&)'
/usr/bin/ld: /tmp/ccD6wMwy.o:ml_predictor.cpp:(.text._ZNSt6vectorIN3c106IValueESaIS1_EED2Ev[_ZNSt6vectorIN3c106IValueESaIS1_EED5Ev]+0x24d): more undefined references to `c10::detail::torchInternalAssertFail(char const*, char const*, unsigned int, char const*, std::__cxx11::basic_string<char, std::char_traits<char>, std::allocator<char> > const&)' follow
/usr/bin/ld: /tmp/ccD6wMwy.o: in function `c10::Dict<std::__cxx11::basic_string<char, std::char_traits<char>, std::allocator<char> >, c10::List<c10::IValue> >::Dict()':
ml_predictor.cpp:(.text._ZN3c104DictINSt7__cxx1112basic_stringIcSt11char_traitsIcESaIcEEENS_4ListINS_6IValueEEEEC2Ev[_ZN3c104DictINSt7__cxx1112basic_stringIcSt11char_traitsIcESaIcEEENS_4ListINS_6IValueEEEEC5Ev]+0x65f): undefined reference to `c10::ListType::get(std::__cxx11::basic_string<char, std::char_traits<char>, std::allocator<char> > const&, c10::Type::SingletonOrSharedTypePtr<c10::Type>)'
/usr/bin/ld: /tmp/ccD6wMwy.o: in function `c10::intrusive_ptr<c10::ivalue::Object, c10::detail::intrusive_target_default_null_type<c10::ivalue::Object> >::reset_()':
ml_predictor.cpp:(.text._ZN3c1013intrusive_ptrINS_6ivalue6ObjectENS_6detail34intrusive_target_default_null_typeIS2_EEE6reset_Ev[_ZN3c1013intrusive_ptrINS_6ivalue6ObjectENS_6detail34intrusive_target_default_null_typeIS2_EEE6reset_Ev]+0x215): undefined reference to `c10::detail::torchInternalAssertFail(char const*, char const*, unsigned int, char const*, std::__cxx11::basic_string<char, std::char_traits<char>, std::allocator<char> > const&)'
/usr/bin/ld: /tmp/ccD6wMwy.o: in function `std::_Hashtable<std::__cxx11::basic_string<char, std::char_traits<char>, std::allocator<char> >, std::pair<std::__cxx11::basic_string<char, std::char_traits<char>, std::allocator<char> > const, c10::IValue>, std::allocator<std::pair<std::__cxx11::basic_string<char, std::char_traits<char>, std::allocator<char> > const, c10::IValue> >, std::__detail::_Select1st, std::equal_to<std::__cxx11::basic_string<char, std::char_traits<char>, std::allocator<char> > >, std::hash<std::__cxx11::basic_string<char, std::char_traits<char>, std::allocator<char> > >, std::__detail::_Mod_range_hashing, std::__detail::_Default_ranged_hash, std::__detail::_Prime_rehash_policy, std::__detail::_Hashtable_traits<true, false, true> >::clear()':
ml_predictor.cpp:(.text._ZNSt10_HashtableINSt7__cxx1112basic_stringIcSt11char_traitsIcESaIcEEESt4pairIKS5_N3c106IValueEESaISA_ENSt8__detail10_Select1stESt8equal_toIS5_ESt4hashIS5_ENSC_18_Mod_range_hashingENSC_20_Default_ranged_hashENSC_20_Prime_rehash_policyENSC_17_Hashtable_traitsILb1ELb0ELb1EEEE5clearEv[_ZNSt10_HashtableINSt7__cxx1112basic_stringIcSt11char_traitsIcESaIcEEESt4pairIKS5_N3c106IValueEESaISA_ENSt8__detail10_Select1stESt8equal_toIS5_ESt4hashIS5_ENSC_18_Mod_range_hashingENSC_20_Default_ranged_hashENSC_20_Prime_rehash_policyENSC_17_Hashtable_traitsILb1ELb0ELb1EEEE5clearEv]+0x255): undefined reference to `c10::detail::torchInternalAssertFail(char const*, char const*, unsigned int, char const*, std::__cxx11::basic_string<char, std::char_traits<char>, std::allocator<char> > const&)'
/usr/bin/ld: /tmp/ccD6wMwy.o: in function `c10::IValue* std::__do_uninit_copy<__gnu_cxx::__normal_iterator<c10::IValue const*, std::vector<c10::IValue, std::allocator<c10::IValue> > >, c10::IValue*>(__gnu_cxx::__normal_iterator<c10::IValue const*, std::vector<c10::IValue, std::allocator<c10::IValue> > >, __gnu_cxx::__normal_iterator<c10::IValue const*, std::vector<c10::IValue, std::allocator<c10::IValue> > >, c10::IValue*)':
ml_predictor.cpp:(.text._ZSt16__do_uninit_copyIN9__gnu_cxx17__normal_iteratorIPKN3c106IValueESt6vectorIS3_SaIS3_EEEEPS3_ET0_T_SC_SB_[_ZSt16__do_uninit_copyIN9__gnu_cxx17__normal_iteratorIPKN3c106IValueESt6vectorIS3_SaIS3_EEEEPS3_ET0_T_SC_SB_]+0x201): undefined reference to `c10::detail::torchInternalAssertFail(char const*, char const*, unsigned int, char const*, std::__cxx11::basic_string<char, std::char_traits<char>, std::allocator<char> > const&)'
/usr/bin/ld: /tmp/ccD6wMwy.o: in function `MLPredictor::predict(float const*)':
ml_predictor.cpp:(.text._ZN11MLPredictor7predictEPKf[_ZN11MLPredictor7predictEPKf]+0x3c7): undefined reference to `torch::jit::Object::find_method(std::__cxx11::basic_string<char, std::char_traits<char>, std::allocator<char> > const&) const'
/usr/bin/ld: ml_predictor.cpp:(.text._ZN11MLPredictor7predictEPKf[_ZN11MLPredictor7predictEPKf]+0x4c6): undefined reference to `torch::jit::Method::operator()(std::vector<c10::IValue, std::allocator<c10::IValue> >, std::unordered_map<std::__cxx11::basic_string<char, std::char_traits<char>, std::allocator<char> >, c10::IValue, std::hash<std::__cxx11::basic_string<char, std::char_traits<char>, std::allocator<char> > >, std::equal_to<std::__cxx11::basic_string<char, std::char_traits<char>, std::allocator<char> > >, std::allocator<std::pair<std::__cxx11::basic_string<char, std::char_traits<char>, std::allocator<char> > const, c10::IValue> > > const&) const'
/usr/bin/ld: ml_predictor.cpp:(.text._ZN11MLPredictor7predictEPKf[_ZN11MLPredictor7predictEPKf]+0xacb): undefined reference to `c10::detail::torchCheckFail(char const*, char const*, unsigned int, std::__cxx11::basic_string<char, std::char_traits<char>, std::allocator<char> > const&)'
/usr/bin/ld: /tmp/ccD6wMwy.o: in function `main':
ml_predictor.cpp:(.text.startup+0x144): undefined reference to `torch::jit::load(std::__cxx11::basic_string<char, std::char_traits<char>, std::allocator<char> > const&, std::optional<c10::Device>, bool)'
/usr/bin/ld: ml_predictor.cpp:(.text.startup+0x56a): undefined reference to `c10::detail::torchInternalAssertFail(char const*, char const*, unsigned int, char const*, std::__cxx11::basic_string<char, std::char_traits<char>, std::allocator<char> > const&)'
collect2: error: ld returned 1 exit status
make: *** [Makefile:21: ml_predictor] Error 1
